[18:25:14] [ServerMain/INFO]: [bootstrap] Running Java 21 (Java HotSpot(TM) 64-Bit Server VM 21.0.3+7-LTS-152; Oracle Corporation null) on Windows 10 10.0 (amd64)
[18:25:14] [ServerMain/INFO]: [bootstrap] Loading Paper 1.21.1-52-master@e08e667 (2024-08-26T18:02:06Z) for Minecraft 1.21.1
[18:25:16] [ServerMain/INFO]: [PluginInitializerManager] Initializing plugins...
[18:25:25] [ServerMain/INFO]: [PluginInitializerManager] Initialized 0 plugins
[18:25:28] [ServerMain/INFO]: Environment: Environment[sessionHost=https://sessionserver.mojang.com, servicesHost=https://api.minecraftservices.com, name=PROD]
[18:25:29] [ServerMain/INFO]: Loaded 1290 recipes
[18:25:30] [ServerMain/INFO]: Loaded 1399 advancements
[18:25:30] [Server thread/INFO]: Starting minecraft server version 1.21.1
[18:25:30] [Server thread/WARN]: ****************************
[18:25:30] [Server thread/WARN]: YOU ARE RUNNING THIS SERVER AS AN ADMINISTRATIVE OR ROOT USER. THIS IS NOT ADVISED.
[18:25:30] [Server thread/WARN]: YOU ARE OPENING YOURSELF UP TO POTENTIAL RISKS WHEN DOING THIS.
[18:25:30] [Server thread/WARN]: FOR MORE INFORMATION, SEE https://madelinemiller.dev/blog/root-minecraft-server/
[18:25:30] [Server thread/WARN]: ****************************
[18:25:30] [Server thread/INFO]: Loading properties
[18:25:30] [Server thread/INFO]: This server is running Paper version 1.21.1-52-master@e08e667 (2024-08-26T18:02:06Z) (Implementing API version 1.21.1-R0.1-SNAPSHOT)
[18:25:31] [Server thread/INFO]: [spark] This server bundles the spark profiler. For more information please visit https://docs.papermc.io/paper/profiling
[18:25:31] [Server thread/INFO]: Server Ping Player Sample Count: 12
[18:25:31] [Server thread/INFO]: Using 4 threads for Netty based IO
[18:25:31] [Server thread/INFO]: [ChunkTaskScheduler] Chunk system is using 1 I/O threads, 3 worker threads, and population gen parallelism of 3 threads
[18:25:31] [Server thread/INFO]: Default game type: SURVIVAL
[18:25:31] [Server thread/INFO]: Generating keypair
[18:25:31] [Server thread/INFO]: Starting Minecraft server on *:25565
[18:25:31] [Server thread/INFO]: Using default channel type
[18:25:31] [Server thread/INFO]: Paper: Using Java compression from Velocity.
[18:25:31] [Server thread/INFO]: Paper: Using Java cipher from Velocity.
[18:25:31] [Server thread/INFO]: Server permissions file permissions.yml is empty, ignoring it
[18:25:31] [Server thread/WARN]: **** SERVER IS RUNNING IN OFFLINE/INSECURE MODE!
[18:25:31] [Server thread/WARN]: The server will make no attempt to authenticate usernames. Beware.
[18:25:31] [Server thread/WARN]: While this makes the game possible to play without internet access, it also opens up the ability for hackers to connect with any username they choose.
[18:25:31] [Server thread/WARN]: To change this, set "online-mode" to "true" in the server.properties file.
[18:25:31] [Server thread/INFO]: Preparing level "world"
[18:25:32] [Server thread/INFO]: Preparing start region for dimension minecraft:overworld
[18:25:32] [Server thread/INFO]: Time elapsed: 630 ms
[18:25:32] [Server thread/INFO]: Preparing start region for dimension minecraft:the_nether
[18:25:33] [Server thread/INFO]: Time elapsed: 158 ms
[18:25:33] [Server thread/INFO]: Preparing start region for dimension minecraft:the_end
[18:25:33] [Server thread/INFO]: Time elapsed: 69 ms
[18:25:33] [Server thread/INFO]: [spark] Starting background profiler...
[18:25:33] [Server thread/INFO]: [spark] The async-profiler engine is not supported for your os/arch (windows10/amd64), so the built-in Java engine will be used instead.
[18:25:33] [Server thread/INFO]: Done preparing level "world" (1.270s)
[18:25:33] [Server thread/INFO]: Running delayed init tasks
[18:25:33] [Server thread/INFO]: Done (20.365s)! For help, type "help"
[18:25:33] [Server thread/INFO]: Timings Reset
[18:25:37] [User Authenticator #0/INFO]: UUID of player nurikxaroshi is 6db9e605-247a-3dbd-9192-0ddddb5a4aac
[18:25:39] [Server thread/INFO]: nurikxaroshi joined the game
[18:25:39] [Server thread/INFO]: nurikxaroshi[/26.198.147.186:61845] logged in with entity id 32 at ([world]201.80641208424692, 56.0, -150.86109166290697)
[18:26:25] [User Authenticator #0/INFO]: UUID of player azimont is 647342cb-f1ad-3dc1-80b6-fafdc6d9c71a
[18:26:26] [Server thread/INFO]: azimont joined the game
[18:26:26] [Server thread/INFO]: azimont[/26.76.9.187:59689] logged in with entity id 295 at ([world]185.32781087727346, 56.0, -149.35145147672773)
[19:04:47] [Server thread/INFO]: Stopping the server
[19:04:47] [Server thread/INFO]: Stopping server
[19:04:47] [Server thread/INFO]: Saving players
[19:04:47] [Server thread/INFO]: nurikxaroshi lost connection: Server closed
[19:04:47] [Server thread/INFO]: nurikxaroshi left the game
[19:04:47] [Server thread/INFO]: azimont lost connection: Server closed
[19:04:47] [Server thread/INFO]: azimont left the game
[19:04:47] [Server thread/INFO]: Saving worlds
[19:04:47] [Server thread/INFO]: Saving chunks for level 'ServerLevel[world]'/minecraft:overworld
[19:04:47] [Server thread/INFO]: [ChunkHolderManager] Waiting 60s for chunk system to halt for world 'world'
[19:04:47] [Server thread/INFO]: [ChunkHolderManager] Halted chunk system for world 'world'
[19:04:47] [Server thread/INFO]: [ChunkHolderManager] Saving all chunkholders for world 'world'
[19:04:47] [Server thread/INFO]: [ChunkHolderManager] Saved 29 block chunks, 115 entity chunks, 0 poi chunks in world 'world' in 0,06s
[19:04:47] [Server thread/INFO]: Saving chunks for level 'ServerLevel[world_nether]'/minecraft:the_nether
[19:04:47] [Server thread/INFO]: [ChunkHolderManager] Waiting 60s for chunk system to halt for world 'world_nether'
[19:04:47] [Server thread/INFO]: [ChunkHolderManager] Halted chunk system for world 'world_nether'
[19:04:47] [Server thread/INFO]: [ChunkHolderManager] Saving all chunkholders for world 'world_nether'
[19:04:47] [Server thread/INFO]: [ChunkHolderManager] Saved 0 block chunks, 3 entity chunks, 0 poi chunks in world 'world_nether' in 0,00s
[19:04:47] [Server thread/INFO]: Saving chunks for level 'ServerLevel[world_the_end]'/minecraft:the_end
[19:04:47] [Server thread/INFO]: [ChunkHolderManager] Waiting 60s for chunk system to halt for world 'world_the_end'
[19:04:47] [Server thread/INFO]: [ChunkHolderManager] Halted chunk system for world 'world_the_end'
[19:04:47] [Server thread/INFO]: [ChunkHolderManager] Saving all chunkholders for world 'world_the_end'
[19:04:47] [Server thread/INFO]: [ChunkHolderManager] Saved 0 block chunks, 10 entity chunks, 0 poi chunks in world 'world_the_end' in 0,00s
[19:04:47] [Server thread/INFO]: ThreadedAnvilChunkStorage (world): All chunks are saved
[19:04:47] [Server thread/INFO]: ThreadedAnvilChunkStorage (DIM-1): All chunks are saved
[19:04:47] [Server thread/INFO]: ThreadedAnvilChunkStorage (DIM1): All chunks are saved
[19:04:47] [Server thread/INFO]: ThreadedAnvilChunkStorage: All dimensions are saved
